<?xml version="1.0" encoding="UTF-8"?>
<!-- Generated by org.testng.reporters.JUnitReportReporter -->
<testsuite hostname="TrangPC" name="test.TC_Signup_ChromeFirefox" tests="2" failures="0" timestamp="1 Mar 2016 08:20:09 GMT" time="128.915" errors="0">
  <testcase name="signup_tc" time="76.164" classname="test.TC_Signup_ChromeFirefox"/>
  <testcase name="signup_tc" time="52.751" classname="test.TC_Signup_ChromeFirefox"/>
</testsuite> <!-- test.TC_Signup_ChromeFirefox -->
