<?xml version="1.0" encoding="UTF-8"?>
<!-- Generated by org.testng.reporters.JUnitReportReporter -->
<testsuite hostname="TrangPC" name="test.TC_Signup_IE" tests="1" failures="0" timestamp="22 Feb 2016 04:03:27 GMT" time="49.708" errors="0">
  <testcase name="test_login" time="49.708" classname="test.TC_Signup_IE"/>
</testsuite> <!-- test.TC_Signup_IE -->
